#
# There is insufficient memory for the Java Runtime Environment to continue.
# Native memory allocation (mmap) failed to map 192413696 bytes for committing reserved memory.
# Possible reasons:
#   The system is out of physical RAM or swap space
#   In 32 bit mode, the process size limit was hit
# Possible solutions:
#   Reduce memory load on the system
#   Increase physical memory or swap space
#   Check if swap backing store is full
#   Use 64 bit Java on a 64 bit OS
#   Decrease Java heap size (-Xmx/-Xms)
#   Decrease number of Java threads
#   Decrease Java thread stack sizes (-Xss)
#   Set larger code cache with -XX:ReservedCodeCacheSize=
# This output file may be truncated or incomplete.
#
#  Out of Memory Error (os_linux.cpp:2627), pid=4310, tid=0x00007f213c3d6700
#
# JRE version: Java(TM) SE Runtime Environment (8.0_101-b13) (build 1.8.0_101-b13)
# Java VM: Java HotSpot(TM) 64-Bit Server VM (25.101-b13 mixed mode linux-amd64 compressed oops)
# Failed to write core dump. Core dumps have been disabled. To enable core dumping, try "ulimit -c unlimited" before starting Java again
#

---------------  T H R E A D  ---------------

Current thread (0x00007f2138078000):  VMThread [stack: 0x00007f213c2d6000,0x00007f213c3d7000] [id=4319]

Stack: [0x00007f213c2d6000,0x00007f213c3d7000],  sp=0x00007f213c3d51e0,  free space=1020k
Native frames: (J=compiled Java code, j=interpreted, Vv=VM code, C=native code)
V  [libjvm.so+0xac3f0a]  VMError::report_and_die()+0x2ba
V  [libjvm.so+0x4fbf9b]  report_vm_out_of_memory(char const*, int, unsigned long, VMErrorType, char const*)+0x8b
V  [libjvm.so+0x9222d3]  os::Linux::commit_memory_impl(char*, unsigned long, bool)+0x103
V  [libjvm.so+0x922829]  os::pd_commit_memory(char*, unsigned long, unsigned long, bool)+0x29
V  [libjvm.so+0x91cb2a]  os::commit_memory(char*, unsigned long, unsigned long, bool)+0x2a
V  [libjvm.so+0x991053]  PSVirtualSpace::expand_by(unsigned long)+0x53
V  [libjvm.so+0x992458]  PSYoungGen::resize_generation(unsigned long, unsigned long)+0xf8
V  [libjvm.so+0x9915b2]  PSYoungGen::resize(unsigned long, unsigned long)+0x22
V  [libjvm.so+0x98e88b]  PSScavenge::invoke_no_policy()+0xf3b
V  [libjvm.so+0x98f011]  PSScavenge::invoke()+0x41
V  [libjvm.so+0x945fc0]  ParallelScavengeHeap::failed_mem_allocate(unsigned long)+0x70
V  [libjvm.so+0xac5927]  VM_ParallelGCFailedAllocation::doit()+0x97
V  [libjvm.so+0xacd405]  VM_Operation::evaluate()+0x55
V  [libjvm.so+0xacb7da]  VMThread::evaluate_operation(VM_Operation*)+0xba
V  [libjvm.so+0xacbb5e]  VMThread::loop()+0x1ce
V  [libjvm.so+0xacbfd0]  VMThread::run()+0x70
V  [libjvm.so+0x924698]  java_start(Thread*)+0x108

VM_Operation (0x00007f212842bb50): ParallelGCFailedAllocation, mode: safepoint, requested by thread 0x00007f213814a800


---------------  P R O C E S S  ---------------

Java Threads: ( => current thread )
  0x00007f213814c000 JavaThread "pool-2-thread-4" [_thread_blocked, id=4351, stack(0x00007f212822c000,0x00007f212832d000)]
  0x00007f213814a800 JavaThread "pool-2-thread-3" [_thread_blocked, id=4350, stack(0x00007f212832d000,0x00007f212842e000)]
  0x00007f213813c800 JavaThread "pool-2-thread-2" [_thread_blocked, id=4349, stack(0x00007f212842e000,0x00007f212852f000)]
  0x00007f213813b800 JavaThread "pool-3-thread-1" [_thread_blocked, id=4348, stack(0x00007f212852f000,0x00007f2128630000)]
  0x00007f2138139000 JavaThread "pool-2-thread-1" [_thread_blocked, id=4345, stack(0x00007f2128630000,0x00007f2128731000)]
  0x00007f21380c0800 JavaThread "Service Thread" daemon [_thread_blocked, id=4332, stack(0x00007f2128832000,0x00007f2128933000)]
  0x00007f21380bd800 JavaThread "C1 CompilerThread2" daemon [_thread_blocked, id=4327, stack(0x00007f2128933000,0x00007f2128a34000)]
  0x00007f21380bc000 JavaThread "C2 CompilerThread1" daemon [_thread_in_native, id=4325, stack(0x00007f2128a34000,0x00007f2128b35000)]
  0x00007f21380b9000 JavaThread "C2 CompilerThread0" daemon [_thread_blocked, id=4323, stack(0x00007f2128b35000,0x00007f2128c36000)]
  0x00007f21380b7800 JavaThread "Signal Dispatcher" daemon [_thread_blocked, id=4322, stack(0x00007f2128c36000,0x00007f2128d37000)]
  0x00007f2138084000 JavaThread "Finalizer" daemon [_thread_blocked, id=4321, stack(0x00007f213c0d4000,0x00007f213c1d5000)]
  0x00007f213807f800 JavaThread "Reference Handler" daemon [_thread_blocked, id=4320, stack(0x00007f213c1d5000,0x00007f213c2d6000)]
  0x00007f213800a000 JavaThread "main" [_thread_blocked, id=4313, stack(0x00007f214197b000,0x00007f2141a7c000)]

Other Threads:
=>0x00007f2138078000 VMThread [stack: 0x00007f213c2d6000,0x00007f213c3d7000] [id=4319]
  0x00007f21380c3000 WatcherThread [stack: 0x00007f2128731000,0x00007f2128832000] [id=4333]

VM state:at safepoint (normal execution)

VM Mutex/Monitor currently owned by a thread:  ([mutex/lock_event])
[0x00007f2138006570] Threads_lock - owner thread: 0x00007f2138078000
[0x00007f2138006a70] Heap_lock - owner thread: 0x00007f213814a800

Heap:
 PSYoungGen      total 132096K, used 5099K [0x00000000eab00000, 0x00000000f3100000, 0x0000000100000000)
  eden space 126976K, 0% used [0x00000000eab00000,0x00000000eab00000,0x00000000f2700000)
  from space 5120K, 99% used [0x00000000f2700000,0x00000000f2bfac00,0x00000000f2c00000)
  to   space 5120K, 0% used [0x00000000f2c00000,0x00000000f2c00000,0x00000000f3100000)
 ParOldGen       total 139264K, used 120687K [0x00000000c0000000, 0x00000000c8800000, 0x00000000eab00000)
  object space 139264K, 86% used [0x00000000c0000000,0x00000000c75dbed0,0x00000000c8800000)
 Metaspace       used 6146K, capacity 7092K, committed 7296K, reserved 1056768K
  class space    used 604K, capacity 620K, committed 640K, reserved 1048576K

Card table byte_map: [0x00007f213e534000,0x00007f213e735000] byte_map_base: 0x00007f213df34000

Marking Bits: (ParMarkBitMap*) 0x00007f2140e55120
 Begin Bits: [0x00007f2122000000, 0x00007f2123000000)
 End Bits:   [0x00007f2123000000, 0x00007f2124000000)

Polling page: 0x00007f2141a9e000

CodeCache: size=245760Kb used=6617Kb max_used=6617Kb free=239142Kb
 bounds [0x00007f2129000000, 0x00007f2129680000, 0x00007f2138000000]
 total_blobs=1909 nmethods=1640 adapters=182
 compilation: enabled

Compilation events (10 events):
Event: 10.168 Thread 0x00007f21380bd800 1852       2       com.android.dx.ssa.SsaRenamer$BlockRenamer::processResultReg (56 bytes)
Event: 10.169 Thread 0x00007f21380bd800 nmethod 1852 0x00007f212966eed0 code [0x00007f212966f060, 0x00007f212966f2d8]
Event: 10.205 Thread 0x00007f21380bd800 1855 %     3       com.android.dx.ssa.SsaMethod::makeExitBlock @ 69 (134 bytes)
Event: 10.206 Thread 0x00007f21380bd800 nmethod 1855% 0x00007f212966d550 code [0x00007f212966d7c0, 0x00007f212966e6f8]
Event: 10.206 Thread 0x00007f21380bd800 1856       3       com.android.dx.ssa.SsaMethod::makeExitBlock (134 bytes)
Event: 10.207 Thread 0x00007f21380bd800 nmethod 1856 0x00007f212966bcd0 code [0x00007f212966bf40, 0x00007f212966cd68]
Event: 10.238 Thread 0x00007f21380bd800 1859 %     3       com.android.dx.ssa.SCCP::<init> @ 113 (142 bytes)
Event: 10.239 Thread 0x00007f21380bd800 nmethod 1859% 0x00007f2129669fd0 code [0x00007f212966a240, 0x00007f212966b3a8]
Event: 10.239 Thread 0x00007f21380bd800 1860       3       com.android.dx.ssa.SCCP::<init> (142 bytes)
Event: 10.240 Thread 0x00007f21380bd800 nmethod 1860 0x00007f2129679390 code [0x00007f2129679600, 0x00007f212967a728]

GC Heap History (10 events):
Event: 2.906 GC heap after
Heap after GC invocations=1 (full 0):
 PSYoungGen      total 36864K, used 5098K [0x00000000eab00000, 0x00000000ef300000, 0x0000000100000000)
  eden space 31744K, 0% used [0x00000000eab00000,0x00000000eab00000,0x00000000eca00000)
  from space 5120K, 99% used [0x00000000eca00000,0x00000000ecefaab8,0x00000000ecf00000)
  to   space 5120K, 0% used [0x00000000eee00000,0x00000000eee00000,0x00000000ef300000)
 ParOldGen       total 84992K, used 1396K [0x00000000c0000000, 0x00000000c5300000, 0x00000000eab00000)
  object space 84992K, 1% used [0x00000000c0000000,0x00000000c015d140,0x00000000c5300000)
 Metaspace       used 5654K, capacity 6768K, committed 7040K, reserved 1056768K
  class space    used 580K, capacity 616K, committed 640K, reserved 1048576K
}
Event: 3.840 GC heap before
{Heap before GC invocations=2 (full 0):
 PSYoungGen      total 36864K, used 36842K [0x00000000eab00000, 0x00000000ef300000, 0x0000000100000000)
  eden space 31744K, 100% used [0x00000000eab00000,0x00000000eca00000,0x00000000eca00000)
  from space 5120K, 99% used [0x00000000eca00000,0x00000000ecefaab8,0x00000000ecf00000)
  to   space 5120K, 0% used [0x00000000eee00000,0x00000000eee00000,0x00000000ef300000)
 ParOldGen       total 84992K, used 1396K [0x00000000c0000000, 0x00000000c5300000, 0x00000000eab00000)
  object space 84992K, 1% used [0x00000000c0000000,0x00000000c015d140,0x00000000c5300000)
 Metaspace       used 5826K, capacity 6896K, committed 7040K, reserved 1056768K
  class space    used 583K, capacity 616K, committed 640K, reserved 1048576K
Event: 3.921 GC heap after
Heap after GC invocations=2 (full 0):
 PSYoungGen      total 68608K, used 5091K [0x00000000eab00000, 0x00000000ef300000, 0x0000000100000000)
  eden space 63488K, 0% used [0x00000000eab00000,0x00000000eab00000,0x00000000ee900000)
  from space 5120K, 99% used [0x00000000eee00000,0x00000000ef2f8c38,0x00000000ef300000)
  to   space 5120K, 0% used [0x00000000ee900000,0x00000000ee900000,0x00000000eee00000)
 ParOldGen       total 84992K, used 5834K [0x00000000c0000000, 0x00000000c5300000, 0x00000000eab00000)
  object space 84992K, 6% used [0x00000000c0000000,0x00000000c05b2a28,0x00000000c5300000)
 Metaspace       used 5826K, capacity 6896K, committed 7040K, reserved 1056768K
  class space    used 583K, capacity 616K, committed 640K, reserved 1048576K
}
Event: 5.236 GC heap before
{Heap before GC invocations=3 (full 0):
 PSYoungGen      total 68608K, used 68579K [0x00000000eab00000, 0x00000000ef300000, 0x0000000100000000)
  eden space 63488K, 100% used [0x00000000eab00000,0x00000000ee900000,0x00000000ee900000)
  from space 5120K, 99% used [0x00000000eee00000,0x00000000ef2f8c38,0x00000000ef300000)
  to   space 5120K, 0% used [0x00000000ee900000,0x00000000ee900000,0x00000000eee00000)
 ParOldGen       total 84992K, used 5834K [0x00000000c0000000, 0x00000000c5300000, 0x00000000eab00000)
  object space 84992K, 6% used [0x00000000c0000000,0x00000000c05b2a28,0x00000000c5300000)
 Metaspace       used 5965K, capacity 6964K, committed 7040K, reserved 1056768K
  class space    used 603K, capacity 620K, committed 640K, reserved 1048576K
Event: 5.412 GC heap after
Heap after GC invocations=3 (full 0):
 PSYoungGen      total 68608K, used 5104K [0x00000000eab00000, 0x00000000f3100000, 0x0000000100000000)
  eden space 63488K, 0% used [0x00000000eab00000,0x00000000eab00000,0x00000000ee900000)
  from space 5120K, 99% used [0x00000000ee900000,0x00000000eedfc360,0x00000000eee00000)
  to   space 5120K, 0% used [0x00000000f2c00000,0x00000000f2c00000,0x00000000f3100000)
 ParOldGen       total 84992K, used 19848K [0x00000000c0000000, 0x00000000c5300000, 0x00000000eab00000)
  object space 84992K, 23% used [0x00000000c0000000,0x00000000c1362230,0x00000000c5300000)
 Metaspace       used 5965K, capacity 6964K, committed 7040K, reserved 1056768K
  class space    used 603K, capacity 620K, committed 640K, reserved 1048576K
}
Event: 8.235 GC heap before
{Heap before GC invocations=4 (full 0):
 PSYoungGen      total 68608K, used 68592K [0x00000000eab00000, 0x00000000f3100000, 0x0000000100000000)
  eden space 63488K, 100% used [0x00000000eab00000,0x00000000ee900000,0x00000000ee900000)
  from space 5120K, 99% used [0x00000000ee900000,0x00000000eedfc360,0x00000000eee00000)
  to   space 5120K, 0% used [0x00000000f2c00000,0x00000000f2c00000,0x00000000f3100000)
 ParOldGen       total 84992K, used 19848K [0x00000000c0000000, 0x00000000c5300000, 0x00000000eab00000)
  object space 84992K, 23% used [0x00000000c0000000,0x00000000c1362230,0x00000000c5300000)
 Metaspace       used 6129K, capacity 7092K, committed 7296K, reserved 1056768K
  class space    used 603K, capacity 620K, committed 640K, reserved 1048576K
Event: 8.409 GC heap after
Heap after GC invocations=4 (full 0):
 PSYoungGen      total 132096K, used 5103K [0x00000000eab00000, 0x00000000f3100000, 0x0000000100000000)
  eden space 126976K, 0% used [0x00000000eab00000,0x00000000eab00000,0x00000000f2700000)
  from space 5120K, 99% used [0x00000000f2c00000,0x00000000f30fbf40,0x00000000f3100000)
  to   space 5120K, 0% used [0x00000000f2700000,0x00000000f2700000,0x00000000f2c00000)
 ParOldGen       total 84992K, used 52461K [0x00000000c0000000, 0x00000000c5300000, 0x00000000eab00000)
  object space 84992K, 61% used [0x00000000c0000000,0x00000000c333b658,0x00000000c5300000)
 Metaspace       used 6129K, capacity 7092K, committed 7296K, reserved 1056768K
  class space    used 603K, capacity 620K, committed 640K, reserved 1048576K
}
Event: 8.409 GC heap before
{Heap before GC invocations=5 (full 1):
 PSYoungGen      total 132096K, used 5103K [0x00000000eab00000, 0x00000000f3100000, 0x0000000100000000)
  eden space 126976K, 0% used [0x00000000eab00000,0x00000000eab00000,0x00000000f2700000)
  from space 5120K, 99% used [0x00000000f2c00000,0x00000000f30fbf40,0x00000000f3100000)
  to   space 5120K, 0% used [0x00000000f2700000,0x00000000f2700000,0x00000000f2c00000)
 ParOldGen       total 84992K, used 52461K [0x00000000c0000000, 0x00000000c5300000, 0x00000000eab00000)
  object space 84992K, 61% used [0x00000000c0000000,0x00000000c333b658,0x00000000c5300000)
 Metaspace       used 6129K, capacity 7092K, committed 7296K, reserved 1056768K
  class space    used 603K, capacity 620K, committed 640K, reserved 1048576K
Event: 9.423 GC heap after
Heap after GC invocations=5 (full 1):
 PSYoungGen      total 132096K, used 0K [0x00000000eab00000, 0x00000000f3100000, 0x0000000100000000)
  eden space 126976K, 0% used [0x00000000eab00000,0x00000000eab00000,0x00000000f2700000)
  from space 5120K, 0% used [0x00000000f2c00000,0x00000000f2c00000,0x00000000f3100000)
  to   space 5120K, 0% used [0x00000000f2700000,0x00000000f2700000,0x00000000f2c00000)
 ParOldGen       total 139264K, used 53170K [0x00000000c0000000, 0x00000000c8800000, 0x00000000eab00000)
  object space 139264K, 38% used [0x00000000c0000000,0x00000000c33ec8d8,0x00000000c8800000)
 Metaspace       used 6129K, capacity 7092K, committed 7296K, reserved 1056768K
  class space    used 603K, capacity 620K, committed 640K, reserved 1048576K
}
Event: 10.380 GC heap before
{Heap before GC invocations=6 (full 1):
 PSYoungGen      total 132096K, used 126976K [0x00000000eab00000, 0x00000000f3100000, 0x0000000100000000)
  eden space 126976K, 100% used [0x00000000eab00000,0x00000000f2700000,0x00000000f2700000)
  from space 5120K, 0% used [0x00000000f2c00000,0x00000000f2c00000,0x00000000f3100000)
  to   space 5120K, 0% used [0x00000000f2700000,0x00000000f2700000,0x00000000f2c00000)
 ParOldGen       total 139264K, used 53170K [0x00000000c0000000, 0x00000000c8800000, 0x00000000eab00000)
  object space 139264K, 38% used [0x00000000c0000000,0x00000000c33ec8d8,0x00000000c8800000)
 Metaspace       used 6146K, capacity 7092K, committed 7296K, reserved 1056768K
  class space    used 604K, capacity 620K, committed 640K, reserved 1048576K

Deoptimization events (10 events):
Event: 2.975 Thread 0x00007f213813c800 Uncommon trap: reason=bimorphic action=maybe_recompile pc=0x00007f212935e094 method=com.android.dx.ssa.SCCP.setLatticeValueTo(IILcom/android/dx/rop/cst/Constant;)Z @ 43
Event: 4.475 Thread 0x00007f213800a000 Uncommon trap: reason=unstable_if action=reinterpret pc=0x00007f212934e070 method=java.util.HashMap.putVal(ILjava/lang/Object;Ljava/lang/Object;ZZ)Ljava/lang/Object; @ 162
Event: 4.508 Thread 0x00007f213800a000 Uncommon trap: reason=unstable_if action=reinterpret pc=0x00007f21291fa278 method=java.util.HashMap.getNode(ILjava/lang/Object;)Ljava/util/HashMap$Node; @ 84
Event: 4.508 Thread 0x00007f213800a000 Uncommon trap: reason=unstable_if action=reinterpret pc=0x00007f21291d8a2c method=java.util.HashMap.getNode(ILjava/lang/Object;)Ljava/util/HashMap$Node; @ 84
Event: 6.084 Thread 0x00007f213800a000 Uncommon trap: reason=unstable_if action=reinterpret pc=0x00007f21293cc408 method=java.util.HashMap.putVal(ILjava/lang/Object;Ljava/lang/Object;ZZ)Ljava/lang/Object; @ 162
Event: 6.900 Thread 0x00007f213800a000 Uncommon trap: reason=bimorphic action=maybe_recompile pc=0x00007f212956cb10 method=com.android.dx.cf.code.BytecodeArray.parseInstruction(ILcom/android/dx/cf/code/BytecodeArray$Visitor;)I @ 1501
Event: 6.914 Thread 0x00007f213800a000 Uncommon trap: reason=bimorphic action=maybe_recompile pc=0x00007f212956cb10 method=com.android.dx.cf.code.BytecodeArray.parseInstruction(ILcom/android/dx/cf/code/BytecodeArray$Visitor;)I @ 1501
Event: 6.915 Thread 0x00007f213800a000 Uncommon trap: reason=bimorphic action=maybe_recompile pc=0x00007f212956f1f0 method=com.android.dx.cf.code.BytecodeArray.parseInstruction(ILcom/android/dx/cf/code/BytecodeArray$Visitor;)I @ 2554
Event: 6.915 Thread 0x00007f213800a000 Uncommon trap: reason=bimorphic action=maybe_recompile pc=0x00007f212956f1f0 method=com.android.dx.cf.code.BytecodeArray.parseInstruction(ILcom/android/dx/cf/code/BytecodeArray$Visitor;)I @ 2554
Event: 10.166 Thread 0x00007f213814c000 Uncommon trap: reason=unstable_if action=reinterpret pc=0x00007f21295e5dbc method=java.util.HashMap.putVal(ILjava/lang/Object;Ljava/lang/Object;ZZ)Ljava/lang/Object; @ 109

Internal exceptions (5 events):
Event: 0.117 Thread 0x00007f213800a000 Exception <a 'java/lang/NoSuchMethodError': Method sun.misc.Unsafe.defineClass(Ljava/lang/String;[BII)Ljava/lang/Class; name or signature does not match> (0x00000000eab07cc0) thrown at [/HUDSON3/workspace/8-2-build-linux-amd64/jdk8u101/7261/hotspot/src/sh
Event: 0.117 Thread 0x00007f213800a000 Exception <a 'java/lang/NoSuchMethodError': Method sun.misc.Unsafe.prefetchRead(Ljava/lang/Object;J)V name or signature does not match> (0x00000000eab07fa8) thrown at [/HUDSON3/workspace/8-2-build-linux-amd64/jdk8u101/7261/hotspot/src/share/vm/prims/jni.c
Event: 4.506 Thread 0x00007f213800a000 Exception <a 'java/lang/ArrayIndexOutOfBoundsException': 18> (0x00000000ecd6d278) thrown at [/HUDSON3/workspace/8-2-build-linux-amd64/jdk8u101/7261/hotspot/src/share/vm/interpreter/interpreterRuntime.cpp, line 366]
Event: 4.507 Thread 0x00007f213800a000 Exception <a 'java/lang/ArrayIndexOutOfBoundsException': 145> (0x00000000ecd6edf8) thrown at [/HUDSON3/workspace/8-2-build-linux-amd64/jdk8u101/7261/hotspot/src/share/vm/interpreter/interpreterRuntime.cpp, line 366]
Event: 4.507 Thread 0x00007f213800a000 Exception <a 'java/lang/ArrayIndexOutOfBoundsException': 40> (0x00000000ecd700e0) thrown at [/HUDSON3/workspace/8-2-build-linux-amd64/jdk8u101/7261/hotspot/src/share/vm/interpreter/interpreterRuntime.cpp, line 366]

Events (10 events):
Event: 10.166 Thread 0x00007f213814c000 Uncommon trap: trap_request=0xffffff65 fr.pc=0x00007f21295e5dbc
Event: 10.166 Thread 0x00007f213814c000 DEOPT PACKING pc=0x00007f21295e5dbc sp=0x00007f212832aae0
Event: 10.166 Thread 0x00007f213814c000 DEOPT UNPACKING pc=0x00007f2129005229 sp=0x00007f212832a808 mode 2
Event: 10.207 Thread 0x00007f213814c000 DEOPT PACKING pc=0x00007f212950ed0f sp=0x00007f212832ada0
Event: 10.207 Thread 0x00007f213814c000 DEOPT UNPACKING pc=0x00007f2129047633 sp=0x00007f212832ab80 mode 0
Event: 10.240 Thread 0x00007f213814c000 DEOPT PACKING pc=0x00007f21294fb2f0 sp=0x00007f212832ada0
Event: 10.240 Thread 0x00007f213814c000 DEOPT UNPACKING pc=0x00007f2129047633 sp=0x00007f212832ab38 mode 0
Event: 10.263 Thread 0x00007f213814a800 DEOPT PACKING pc=0x00007f212947f482 sp=0x00007f212842be20
Event: 10.263 Thread 0x00007f213814a800 DEOPT UNPACKING pc=0x00007f2129047633 sp=0x00007f212842bb60 mode 0
Event: 10.356 Executing VM operation: ParallelGCFailedAllocation


Dynamic libraries:
00400000-00401000 r-xp 00000000 08:08 3686316                            /usr/lib/jvm/java-8-oracle/bin/java
00600000-00601000 rw-p 00000000 08:08 3686316                            /usr/lib/jvm/java-8-oracle/bin/java
01d84000-01da5000 rw-p 00000000 00:00 0                                  [heap]
c0000000-c8800000 rw-p 00000000 00:00 0 
c8800000-eab00000 ---p 00000000 00:00 0 
eab00000-f3100000 rw-p 00000000 00:00 0 
fe880000-100000000 ---p 00000000 00:00 0 
100000000-1000a0000 rw-p 00000000 00:00 0 
1000a0000-140000000 ---p 00000000 00:00 0 
7f20dc000000-7f20dc021000 rw-p 00000000 00:00 0 
7f20dc021000-7f20e0000000 ---p 00000000 00:00 0 
7f20e0000000-7f20e0025000 rw-p 00000000 00:00 0 
7f20e0025000-7f20e4000000 ---p 00000000 00:00 0 
7f20e4000000-7f20e4021000 rw-p 00000000 00:00 0 
7f20e4021000-7f20e8000000 ---p 00000000 00:00 0 
7f20e8000000-7f20e802c000 rw-p 00000000 00:00 0 
7f20e802c000-7f20ec000000 ---p 00000000 00:00 0 
7f20ec000000-7f20ec021000 rw-p 00000000 00:00 0 
7f20ec021000-7f20f0000000 ---p 00000000 00:00 0 
7f20f0000000-7f20f002d000 rw-p 00000000 00:00 0 
7f20f002d000-7f20f4000000 ---p 00000000 00:00 0 
7f20f4000000-7f20f4941000 rw-p 00000000 00:00 0 
7f20f4941000-7f20f8000000 ---p 00000000 00:00 0 
7f20f8000000-7f20f8021000 rw-p 00000000 00:00 0 
7f20f8021000-7f20fc000000 ---p 00000000 00:00 0 
7f20fc000000-7f20fc881000 rw-p 00000000 00:00 0 
7f20fc881000-7f2100000000 ---p 00000000 00:00 0 
7f2100000000-7f2100be5000 rw-p 00000000 00:00 0 
7f2100be5000-7f2104000000 ---p 00000000 00:00 0 
7f2104000000-7f2104021000 rw-p 00000000 00:00 0 
7f2104021000-7f2108000000 ---p 00000000 00:00 0 
7f2108000000-7f2108021000 rw-p 00000000 00:00 0 
7f2108021000-7f210c000000 ---p 00000000 00:00 0 
7f210c000000-7f210c28f000 rw-p 00000000 00:00 0 
7f210c28f000-7f2110000000 ---p 00000000 00:00 0 
7f2110000000-7f2110021000 rw-p 00000000 00:00 0 
7f2110021000-7f2114000000 ---p 00000000 00:00 0 
7f2114000000-7f2114021000 rw-p 00000000 00:00 0 
7f2114021000-7f2118000000 ---p 00000000 00:00 0 
7f2118000000-7f2118021000 rw-p 00000000 00:00 0 
7f2118021000-7f211c000000 ---p 00000000 00:00 0 
7f211c000000-7f211c021000 rw-p 00000000 00:00 0 
7f211c021000-7f2120000000 ---p 00000000 00:00 0 
7f2122000000-7f2124000000 rw-p 00000000 00:00 0 
7f2124000000-7f2124021000 rw-p 00000000 00:00 0 
7f2124021000-7f2128000000 ---p 00000000 00:00 0 
7f212822c000-7f212822f000 ---p 00000000 00:00 0 
7f212822f000-7f212832d000 rw-p 00000000 00:00 0                          [stack:4351]
7f212832d000-7f2128330000 ---p 00000000 00:00 0 
7f2128330000-7f212842e000 rw-p 00000000 00:00 0                          [stack:4350]
7f212842e000-7f2128431000 ---p 00000000 00:00 0 
7f2128431000-7f212852f000 rw-p 00000000 00:00 0                          [stack:4349]
7f212852f000-7f2128532000 ---p 00000000 00:00 0 
7f2128532000-7f2128630000 rw-p 00000000 00:00 0                          [stack:4348]
7f2128630000-7f2128633000 ---p 00000000 00:00 0 
7f2128633000-7f2128731000 rw-p 00000000 00:00 0                          [stack:4345]
7f2128731000-7f2128732000 ---p 00000000 00:00 0 
7f2128732000-7f2128832000 rw-p 00000000 00:00 0                          [stack:4333]
7f2128832000-7f2128835000 ---p 00000000 00:00 0 
7f2128835000-7f2128933000 rw-p 00000000 00:00 0                          [stack:4332]
7f2128933000-7f2128936000 ---p 00000000 00:00 0 
7f2128936000-7f2128a34000 rw-p 00000000 00:00 0                          [stack:4327]
7f2128a34000-7f2128a37000 ---p 00000000 00:00 0 
7f2128a37000-7f2128b35000 rw-p 00000000 00:00 0                          [stack:4325]
7f2128b35000-7f2128b38000 ---p 00000000 00:00 0 
7f2128b38000-7f2128c36000 rw-p 00000000 00:00 0                          [stack:4323]
7f2128c36000-7f2128c39000 ---p 00000000 00:00 0 
7f2128c39000-7f2128d37000 rw-p 00000000 00:00 0                          [stack:4322]
7f2128d37000-7f2129000000 r--p 00000000 08:08 3546125                    /usr/lib/locale/locale-archive
7f2129000000-7f2129680000 rwxp 00000000 00:00 0 
7f2129680000-7f2138000000 ---p 00000000 00:00 0 
7f2138000000-7f21383b5000 rw-p 00000000 00:00 0 
7f21383b5000-7f213c000000 ---p 00000000 00:00 0 
7f213c0ad000-7f213c0c5000 r--s 000f5000 08:08 3151292                    /home/nick/code/Android/Neopixels/mobile/build/intermediates/exploded-aar/com.google.android.gms/play-services-ads/8.4.0/jars/classes.jar
7f213c0c5000-7f213c0d4000 r--s 000df000 08:08 5911268                    /home/nick/code/Android/Sdk/build-tools/23.0.1/lib/dx.jar
7f213c0d4000-7f213c0d7000 ---p 00000000 00:00 0 
7f213c0d7000-7f213c1d5000 rw-p 00000000 00:00 0                          [stack:4321]
7f213c1d5000-7f213c1d8000 ---p 00000000 00:00 0 
7f213c1d8000-7f213c2d6000 rw-p 00000000 00:00 0                          [stack:4320]
7f213c2d6000-7f213c2d7000 ---p 00000000 00:00 0 
7f213c2d7000-7f213d38b000 rw-p 00000000 00:00 0                          [stack:4319]
7f213d38b000-7f213d564000 r--s 03d29000 08:08 4470465                    /usr/lib/jvm/java-8-oracle/jre/lib/rt.jar
7f213d564000-7f213dc5a000 rw-p 00000000 00:00 0 
7f213dc5a000-7f213ddda000 ---p 00000000 00:00 0 
7f213ddda000-7f213dfda000 rw-p 00000000 00:00 0 
7f213dfda000-7f213dfdb000 ---p 00000000 00:00 0 
7f213dfdb000-7f213e0db000 rw-p 00000000 00:00 0                          [stack:4318]
7f213e0db000-7f213e0dc000 ---p 00000000 00:00 0 
7f213e0dc000-7f213e1dc000 rw-p 00000000 00:00 0                          [stack:4317]
7f213e1dc000-7f213e1dd000 ---p 00000000 00:00 0 
7f213e1dd000-7f213e2dd000 rw-p 00000000 00:00 0                          [stack:4316]
7f213e2dd000-7f213e2de000 ---p 00000000 00:00 0 
7f213e2de000-7f213e422000 rw-p 00000000 00:00 0                          [stack:4315]
7f213e422000-7f213e534000 ---p 00000000 00:00 0 
7f213e534000-7f213e578000 rw-p 00000000 00:00 0 
7f213e578000-7f213e689000 ---p 00000000 00:00 0 
7f213e689000-7f213e6cd000 rw-p 00000000 00:00 0 
7f213e6cd000-7f213e734000 ---p 00000000 00:00 0 
7f213e734000-7f213e74f000 rw-p 00000000 00:00 0 
7f213e74f000-7f213eaf5000 ---p 00000000 00:00 0 
7f213eaf5000-7f213eb0f000 r-xp 00000000 08:08 4470407                    /usr/lib/jvm/java-8-oracle/jre/lib/amd64/libzip.so
7f213eb0f000-7f213ed0f000 ---p 0001a000 08:08 4470407                    /usr/lib/jvm/java-8-oracle/jre/lib/amd64/libzip.so
7f213ed0f000-7f213ed10000 rw-p 0001a000 08:08 4470407                    /usr/lib/jvm/java-8-oracle/jre/lib/amd64/libzip.so
7f213ed10000-7f213ed1a000 r-xp 00000000 08:08 5771672                    /lib/x86_64-linux-gnu/libnss_files-2.19.so
7f213ed1a000-7f213ef19000 ---p 0000a000 08:08 5771672                    /lib/x86_64-linux-gnu/libnss_files-2.19.so
7f213ef19000-7f213ef1a000 r--p 00009000 08:08 5771672                    /lib/x86_64-linux-gnu/libnss_files-2.19.so
7f213ef1a000-7f213ef1b000 rw-p 0000a000 08:08 5771672                    /lib/x86_64-linux-gnu/libnss_files-2.19.so
7f213ef1b000-7f213ef26000 r-xp 00000000 08:08 5771637                    /lib/x86_64-linux-gnu/libnss_nis-2.19.so
7f213ef26000-7f213f125000 ---p 0000b000 08:08 5771637                    /lib/x86_64-linux-gnu/libnss_nis-2.19.so
7f213f125000-7f213f126000 r--p 0000a000 08:08 5771637                    /lib/x86_64-linux-gnu/libnss_nis-2.19.so
7f213f126000-7f213f127000 rw-p 0000b000 08:08 5771637                    /lib/x86_64-linux-gnu/libnss_nis-2.19.so
7f213f127000-7f213f13e000 r-xp 00000000 08:08 5771591                    /lib/x86_64-linux-gnu/libnsl-2.19.so
7f213f13e000-7f213f33d000 ---p 00017000 08:08 5771591                    /lib/x86_64-linux-gnu/libnsl-2.19.so
7f213f33d000-7f213f33e000 r--p 00016000 08:08 5771591                    /lib/x86_64-linux-gnu/libnsl-2.19.so
7f213f33e000-7f213f33f000 rw-p 00017000 08:08 5771591                    /lib/x86_64-linux-gnu/libnsl-2.19.so
7f213f33f000-7f213f341000 rw-p 00000000 00:00 0 
7f213f341000-7f213f34a000 r-xp 00000000 08:08 5771590                    /lib/x86_64-linux-gnu/libnss_compat-2.19.so
7f213f34a000-7f213f549000 ---p 00009000 08:08 5771590                    /lib/x86_64-linux-gnu/libnss_compat-2.19.so
7f213f549000-7f213f54a000 r--p 00008000 08:08 5771590                    /lib/x86_64-linux-gnu/libnss_compat-2.19.so
7f213f54a000-7f213f54b000 rw-p 00009000 08:08 5771590                    /lib/x86_64-linux-gnu/libnss_compat-2.19.so
7f213f54b000-7f213f575000 r-xp 00000000 08:08 4470463                    /usr/lib/jvm/java-8-oracle/jre/lib/amd64/libjava.so
7f213f575000-7f213f775000 ---p 0002a000 08:08 4470463                    /usr/lib/jvm/java-8-oracle/jre/lib/amd64/libjava.so
7f213f775000-7f213f777000 rw-p 0002a000 08:08 4470463                    /usr/lib/jvm/java-8-oracle/jre/lib/amd64/libjava.so
7f213f777000-7f213f784000 r-xp 00000000 08:08 4470399                    /usr/lib/jvm/java-8-oracle/jre/lib/amd64/libverify.so
7f213f784000-7f213f984000 ---p 0000d000 08:08 4470399                    /usr/lib/jvm/java-8-oracle/jre/lib/amd64/libverify.so
7f213f984000-7f213f986000 rw-p 0000d000 08:08 4470399                    /usr/lib/jvm/java-8-oracle/jre/lib/amd64/libverify.so
7f213f986000-7f213f98d000 r-xp 00000000 08:08 5771661                    /lib/x86_64-linux-gnu/librt-2.19.so
7f213f98d000-7f213fb8c000 ---p 00007000 08:08 5771661                    /lib/x86_64-linux-gnu/librt-2.19.so
7f213fb8c000-7f213fb8d000 r--p 00006000 08:08 5771661                    /lib/x86_64-linux-gnu/librt-2.19.so
7f213fb8d000-7f213fb8e000 rw-p 00007000 08:08 5771661                    /lib/x86_64-linux-gnu/librt-2.19.so
7f213fb8e000-7f213fc93000 r-xp 00000000 08:08 5771561                    /lib/x86_64-linux-gnu/libm-2.19.so
7f213fc93000-7f213fe92000 ---p 00105000 08:08 5771561                    /lib/x86_64-linux-gnu/libm-2.19.so
7f213fe92000-7f213fe93000 r--p 00104000 08:08 5771561                    /lib/x86_64-linux-gnu/libm-2.19.so
7f213fe93000-7f213fe94000 rw-p 00105000 08:08 5771561                    /lib/x86_64-linux-gnu/libm-2.19.so
7f213fe94000-7f2140b5f000 r-xp 00000000 08:08 4470453                    /usr/lib/jvm/java-8-oracle/jre/lib/amd64/server/libjvm.so
7f2140b5f000-7f2140d5e000 ---p 00ccb000 08:08 4470453                    /usr/lib/jvm/java-8-oracle/jre/lib/amd64/server/libjvm.so
7f2140d5e000-7f2140e37000 rw-p 00cca000 08:08 4470453                    /usr/lib/jvm/java-8-oracle/jre/lib/amd64/server/libjvm.so
7f2140e37000-7f2140e82000 rw-p 00000000 00:00 0 
7f2140e82000-7f214103c000 r-xp 00000000 08:08 5771662                    /lib/x86_64-linux-gnu/libc-2.19.so
7f214103c000-7f214123c000 ---p 001ba000 08:08 5771662                    /lib/x86_64-linux-gnu/libc-2.19.so
7f214123c000-7f2141240000 r--p 001ba000 08:08 5771662                    /lib/x86_64-linux-gnu/libc-2.19.so
7f2141240000-7f2141242000 rw-p 001be000 08:08 5771662                    /lib/x86_64-linux-gnu/libc-2.19.so
7f2141242000-7f2141247000 rw-p 00000000 00:00 0 
7f2141247000-7f214124a000 r-xp 00000000 08:08 5771567                    /lib/x86_64-linux-gnu/libdl-2.19.so
7f214124a000-7f2141449000 ---p 00003000 08:08 5771567                    /lib/x86_64-linux-gnu/libdl-2.19.so
7f2141449000-7f214144a000 r--p 00002000 08:08 5771567                    /lib/x86_64-linux-gnu/libdl-2.19.so
7f214144a000-7f214144b000 rw-p 00003000 08:08 5771567                    /lib/x86_64-linux-gnu/libdl-2.19.so
7f214144b000-7f2141460000 r-xp 00000000 08:08 4470185                    /usr/lib/jvm/java-8-oracle/lib/amd64/jli/libjli.so
7f2141460000-7f2141660000 ---p 00015000 08:08 4470185                    /usr/lib/jvm/java-8-oracle/lib/amd64/jli/libjli.so
7f2141660000-7f2141661000 rw-p 00015000 08:08 4470185                    /usr/lib/jvm/java-8-oracle/lib/amd64/jli/libjli.so
7f2141661000-7f214167a000 r-xp 00000000 08:08 5771595                    /lib/x86_64-linux-gnu/libpthread-2.19.so
7f214167a000-7f2141879000 ---p 00019000 08:08 5771595                    /lib/x86_64-linux-gnu/libpthread-2.19.so
7f2141879000-7f214187a000 r--p 00018000 08:08 5771595                    /lib/x86_64-linux-gnu/libpthread-2.19.so
7f214187a000-7f214187b000 rw-p 00019000 08:08 5771595                    /lib/x86_64-linux-gnu/libpthread-2.19.so
7f214187b000-7f214187f000 rw-p 00000000 00:00 0 
7f214187f000-7f21418a2000 r-xp 00000000 08:08 5771602                    /lib/x86_64-linux-gnu/ld-2.19.so
7f21418a9000-7f214197b000 rw-p 00000000 00:00 0 
7f214197b000-7f214197e000 ---p 00000000 00:00 0 
7f214197e000-7f2141a95000 rw-p 00000000 00:00 0                          [stack:4313]
7f2141a95000-7f2141a9d000 rw-s 00000000 08:08 5909978                    /tmp/hsperfdata_nick/4310
7f2141a9d000-7f2141a9e000 rw-p 00000000 00:00 0 
7f2141a9e000-7f2141a9f000 ---p 00000000 00:00 0 
7f2141a9f000-7f2141aa1000 rw-p 00000000 00:00 0 
7f2141aa1000-7f2141aa2000 r--p 00022000 08:08 5771602                    /lib/x86_64-linux-gnu/ld-2.19.so
7f2141aa2000-7f2141aa3000 rw-p 00023000 08:08 5771602                    /lib/x86_64-linux-gnu/ld-2.19.so
7f2141aa3000-7f2141aa4000 rw-p 00000000 00:00 0 
7ffcf7054000-7ffcf7075000 rw-p 00000000 00:00 0                          [stack]
7ffcf71a9000-7ffcf71ab000 r--p 00000000 00:00 0                          [vvar]
7ffcf71ab000-7ffcf71ad000 r-xp 00000000 00:00 0                          [vdso]
ffffffffff600000-ffffffffff601000 r-xp 00000000 00:00 0                  [vsyscall]

VM Arguments:
jvm_args: -Djava.awt.headless=true -Xmx1024M -Dfile.encoding=UTF-8 -Duser.country=US -Duser.language=en -Duser.variant 
java_command: com.android.dx.command.Main --dex --force-jumbo --num-threads=4 --multi-dex --output /home/nick/code/Android/Neopixels/mobile/build/intermediates/transforms/dex/debug/folders/1000/10/com.google.android.gms-play-services-ads-8.4.0_d8a0427b3c160c645191659fa363773e868afeca /home/nick/code/Android/Neopixels/mobile/build/intermediates/exploded-aar/com.google.android.gms/play-services-ads/8.4.0/jars/classes.jar
java_class_path (initial): /home/nick/code/Android/Sdk/build-tools/23.0.1/lib/dx.jar
Launcher Type: SUN_STANDARD

Environment Variables:
PATH=/home/nick/bin:/usr/local/sbin:/usr/local/bin:/usr/sbin:/usr/bin:/sbin:/bin:/usr/games:/usr/local/games
USERNAME=nick
LD_LIBRARY_PATH=.:
SHELL=/usr/bin/fish
DISPLAY=:0

Signal Handlers:
SIGSEGV: [libjvm.so+0xac4790], sa_mask[0]=11111111011111111101111111111110, sa_flags=SA_RESTART|SA_SIGINFO
SIGBUS: [libjvm.so+0xac4790], sa_mask[0]=11111111011111111101111111111110, sa_flags=SA_RESTART|SA_SIGINFO
SIGFPE: [libjvm.so+0x91f140], sa_mask[0]=11111111011111111101111111111110, sa_flags=SA_RESTART|SA_SIGINFO
SIGPIPE: [libjvm.so+0x91f140], sa_mask[0]=11111111011111111101111111111110, sa_flags=SA_RESTART|SA_SIGINFO
SIGXFSZ: [libjvm.so+0x91f140], sa_mask[0]=11111111011111111101111111111110, sa_flags=SA_RESTART|SA_SIGINFO
SIGILL: [libjvm.so+0x91f140], sa_mask[0]=11111111011111111101111111111110, sa_flags=SA_RESTART|SA_SIGINFO
SIGUSR1: SIG_DFL, sa_mask[0]=00000000000000000000000000000000, sa_flags=none
SIGUSR2: [libjvm.so+0x920770], sa_mask[0]=00100000000000000000000000000000, sa_flags=SA_RESTART|SA_SIGINFO
SIGHUP: [libjvm.so+0x921b70], sa_mask[0]=11111111011111111101111111111110, sa_flags=SA_RESTART|SA_SIGINFO
SIGINT: [libjvm.so+0x921b70], sa_mask[0]=11111111011111111101111111111110, sa_flags=SA_RESTART|SA_SIGINFO
SIGTERM: [libjvm.so+0x921b70], sa_mask[0]=11111111011111111101111111111110, sa_flags=SA_RESTART|SA_SIGINFO
SIGQUIT: [libjvm.so+0x921b70], sa_mask[0]=11111111011111111101111111111110, sa_flags=SA_RESTART|SA_SIGINFO


---------------  S Y S T E M  ---------------

OS:DISTRIB_ID=LinuxMint
DISTRIB_RELEASE=17.3
DISTRIB_CODENAME=rosa
DISTRIB_DESCRIPTION="Linux Mint 17.3 Rosa"

uname:Linux 3.19.0-32-generic #37~14.04.1-Ubuntu SMP Thu Oct 22 09:41:40 UTC 2015 x86_64
libc:glibc 2.19 NPTL 2.19 
rlimit: STACK 8192k, CORE 0k, NPROC 30132, NOFILE 4096, AS infinity
load average:5.68 1.74 1.06

/proc/meminfo:
MemTotal:        8078836 kB
MemFree:          130256 kB
MemAvailable:     111676 kB
Buffers:            1872 kB
Cached:          1142596 kB
SwapCached:         3140 kB
Active:          6387440 kB
Inactive:        1267184 kB
Active(anon):    6355372 kB
Inactive(anon):  1225960 kB
Active(file):      32068 kB
Inactive(file):    41224 kB
Unevictable:       10624 kB
Mlocked:           10624 kB
SwapTotal:        975868 kB
SwapFree:             72 kB
Dirty:              1500 kB
Writeback:             0 kB
AnonPages:       6517724 kB
Mapped:           555392 kB
Shmem:           1071256 kB
Slab:             109328 kB
SReclaimable:      58476 kB
SUnreclaim:        50852 kB
KernelStack:       14832 kB
PageTables:        70224 kB
NFS_Unstable:          0 kB
Bounce:                0 kB
WritebackTmp:          0 kB
CommitLimit:     5015284 kB
Committed_AS:   17515252 kB
VmallocTotal:   34359738367 kB
VmallocUsed:      381064 kB
VmallocChunk:   34359328124 kB
HardwareCorrupted:     0 kB
AnonHugePages:   1038336 kB
CmaTotal:              0 kB
CmaFree:               0 kB
HugePages_Total:       0
HugePages_Free:        0
HugePages_Rsvd:        0
HugePages_Surp:        0
Hugepagesize:       2048 kB
DirectMap4k:      230492 kB
DirectMap2M:     7012352 kB
DirectMap1G:     2097152 kB


CPU:total 4 (2 cores per cpu, 2 threads per core) family 6 model 61 stepping 4, cmov, cx8, fxsr, mmx, sse, sse2, sse3, ssse3, sse4.1, sse4.2, popcnt, avx, avx2, aes, clmul, erms, 3dnowpref, lzcnt, ht, tsc, tscinvbit, bmi1, bmi2, adx

/proc/cpuinfo:
processor	: 0
vendor_id	: GenuineIntel
cpu family	: 6
model		: 61
model name	: Intel(R) Core(TM) i7-5500U CPU @ 2.40GHz
stepping	: 4
microcode	: 0x1f
cpu MHz		: 2899.968
cache size	: 4096 KB
physical id	: 0
siblings	: 4
core id		: 0
cpu cores	: 2
apicid		: 0
initial apicid	: 0
fpu		: yes
fpu_exception	: yes
cpuid level	: 20
wp		: yes
flags		: fpu vme de pse tsc msr pae mce cx8 apic sep mtrr pge mca cmov pat pse36 clflush dts acpi mmx fxsr sse sse2 ss ht tm pbe syscall nx pdpe1gb rdtscp lm constant_tsc arch_perfmon pebs bts rep_good nopl xtopology nonstop_tsc aperfmperf eagerfpu pni pclmulqdq dtes64 monitor ds_cpl vmx est tm2 ssse3 fma cx16 xtpr pdcm pcid sse4_1 sse4_2 x2apic movbe popcnt tsc_deadline_timer aes xsave avx f16c rdrand lahf_lm abm 3dnowprefetch ida arat epb pln pts dtherm tpr_shadow vnmi flexpriority ept vpid fsgsbase tsc_adjust bmi1 avx2 smep bmi2 erms invpcid rdseed adx smap xsaveopt
bugs		:
bogomips	: 4789.00
clflush size	: 64
cache_alignment	: 64
address sizes	: 39 bits physical, 48 bits virtual
power management:

processor	: 1
vendor_id	: GenuineIntel
cpu family	: 6
model		: 61
model name	: Intel(R) Core(TM) i7-5500U CPU @ 2.40GHz
stepping	: 4
microcode	: 0x1f
cpu MHz		: 2899.968
cache size	: 4096 KB
physical id	: 0
siblings	: 4
core id		: 1
cpu cores	: 2
apicid		: 2
initial apicid	: 2
fpu		: yes
fpu_exception	: yes
cpuid level	: 20
wp		: yes
flags		: fpu vme de pse tsc msr pae mce cx8 apic sep mtrr pge mca cmov pat pse36 clflush dts acpi mmx fxsr sse sse2 ss ht tm pbe syscall nx pdpe1gb rdtscp lm constant_tsc arch_perfmon pebs bts rep_good nopl xtopology nonstop_tsc aperfmperf eagerfpu pni pclmulqdq dtes64 monitor ds_cpl vmx est tm2 ssse3 fma cx16 xtpr pdcm pcid sse4_1 sse4_2 x2apic movbe popcnt tsc_deadline_timer aes xsave avx f16c rdrand lahf_lm abm 3dnowprefetch ida arat epb pln pts dtherm tpr_shadow vnmi flexpriority ept vpid fsgsbase tsc_adjust bmi1 avx2 smep bmi2 erms invpcid rdseed adx smap xsaveopt
bugs		:
bogomips	: 4789.00
clflush size	: 64
cache_alignment	: 64
address sizes	: 39 bits physical, 48 bits virtual
power management:

processor	: 2
vendor_id	: GenuineIntel
cpu family	: 6
model		: 61
model name	: Intel(R) Core(TM) i7-5500U CPU @ 2.40GHz
stepping	: 4
microcode	: 0x1f
cpu MHz		: 2899.968
cache size	: 4096 KB
physical id	: 0
siblings	: 4
core id		: 0
cpu cores	: 2
apicid		: 1
initial apicid	: 1
fpu		: yes
fpu_exception	: yes
cpuid level	: 20
wp		: yes
flags		: fpu vme de pse tsc msr pae mce cx8 apic sep mtrr pge mca cmov pat pse36 clflush dts acpi mmx fxsr sse sse2 ss ht tm pbe syscall nx pdpe1gb rdtscp lm constant_tsc arch_perfmon pebs bts rep_good nopl xtopology nonstop_tsc aperfmperf eagerfpu pni pclmulqdq dtes64 monitor ds_cpl vmx est tm2 ssse3 fma cx16 xtpr pdcm pcid sse4_1 sse4_2 x2apic movbe popcnt tsc_deadline_timer aes xsave avx f16c rdrand lahf_lm abm 3dnowprefetch ida arat epb pln pts dtherm tpr_shadow vnmi flexpriority ept vpid fsgsbase tsc_adjust bmi1 avx2 smep bmi2 erms invpcid rdseed adx smap xsaveopt
bugs		:
bogomips	: 4789.00
clflush size	: 64
cache_alignment	: 64
address sizes	: 39 bits physical, 48 bits virtual
power management:

processor	: 3
vendor_id	: GenuineIntel
cpu family	: 6
model		: 61
model name	: Intel(R) Core(TM) i7-5500U CPU @ 2.40GHz
stepping	: 4
microcode	: 0x1f
cpu MHz		: 2899.968
cache size	: 4096 KB
physical id	: 0
siblings	: 4
core id		: 1
cpu cores	: 2
apicid		: 3
initial apicid	: 3
fpu		: yes
fpu_exception	: yes
cpuid level	: 20
wp		: yes
flags		: fpu vme de pse tsc msr pae mce cx8 apic sep mtrr pge mca cmov pat pse36 clflush dts acpi mmx fxsr sse sse2 ss ht tm pbe syscall nx pdpe1gb rdtscp lm constant_tsc arch_perfmon pebs bts rep_good nopl xtopology nonstop_tsc aperfmperf eagerfpu pni pclmulqdq dtes64 monitor ds_cpl vmx est tm2 ssse3 fma cx16 xtpr pdcm pcid sse4_1 sse4_2 x2apic movbe popcnt tsc_deadline_timer aes xsave avx f16c rdrand lahf_lm abm 3dnowprefetch ida arat epb pln pts dtherm tpr_shadow vnmi flexpriority ept vpid fsgsbase tsc_adjust bmi1 avx2 smep bmi2 erms invpcid rdseed adx smap xsaveopt
bugs		:
bogomips	: 4789.00
clflush size	: 64
cache_alignment	: 64
address sizes	: 39 bits physical, 48 bits virtual
power management:



Memory: 4k page, physical 8078836k(130256k free), swap 975868k(72k free)

vm_info: Java HotSpot(TM) 64-Bit Server VM (25.101-b13) for linux-amd64 JRE (1.8.0_101-b13), built on Jun 22 2016 02:59:44 by "java_re" with gcc 4.3.0 20080428 (Red Hat 4.3.0-8)

time: Fri Oct  7 19:59:21 2016
elapsed time: 10 seconds (0d 0h 0m 10s)

